<?xml version="1.0" encoding="UTF-8"?>
<testng-results ignored="0" total="1" passed="1" failed="0" skipped="0">
  <reporter-output>
  </reporter-output>
  <suite started-at="2024-11-17T11:07:51 WIB" name="Web Driver with options" finished-at="2024-11-17T11:08:06 WIB" duration-ms="14824">
    <groups>
    </groups>
    <test started-at="2024-11-17T11:07:51 WIB" name="Web Driver with Options" finished-at="2024-11-17T11:08:06 WIB" duration-ms="14824">
      <class name="Selenium3.main1">
        <test-method signature="main(java.lang.String)[pri:0, instance:Selenium3.main1@68c9133c]" started-at="2024-11-17T11:07:51 WIB" name="main" finished-at="2024-11-17T11:08:06 WIB" duration-ms="14767" status="PASS">
          <params>
            <param index="0">
              <value>
                <![CDATA[chrome]]>
              </value>
            </param>
          </params>
          <reporter-output>
          </reporter-output>
        </test-method> <!-- main -->
      </class> <!-- Selenium3.main1 -->
    </test> <!-- Web Driver with Options -->
  </suite> <!-- Web Driver with options -->
</testng-results>
